#
# There is insufficient memory for the Java Runtime Environment to continue.
# Native memory allocation (malloc) failed to allocate 295376 bytes for Chunk::new
# Possible reasons:
#   The system is out of physical RAM or swap space
#   The process is running with CompressedOops enabled, and the Java Heap may be blocking the growth of the native heap
# Possible solutions:
#   Reduce memory load on the system
#   Increase physical memory or swap space
#   Check if swap backing store is full
#   Decrease Java heap size (-Xmx/-Xms)
#   Decrease number of Java threads
#   Decrease Java thread stack sizes (-Xss)
#   Set larger code cache with -XX:ReservedCodeCacheSize=
#   JVM is running with Unscaled Compressed Oops mode in which the Java heap is
#     placed in the first 4GB address space. The Java Heap base address is the
#     maximum limit for the native heap growth. Please use -XX:HeapBaseMinAddress
#     to set the Java Heap base and to place the Java Heap above 4GB virtual address.
# This output file may be truncated or incomplete.
#
#  Out of Memory Error (./open/src/hotspot/share/memory/arena.cpp:197), pid=98984, tid=94040
#
# JRE version: Java(TM) SE Runtime Environment 18.9 (11.0.14+8) (build 11.0.14+8-LTS-263)
# Java VM: Java HotSpot(TM) 64-Bit Server VM 18.9 (11.0.14+8-LTS-263, mixed mode, tiered, compressed oops, g1 gc, windows-amd64)
# No core dump will be written. Minidumps are not enabled by default on client versions of Windows
#

---------------  S U M M A R Y ------------

Command Line: -ea -Didea.test.cyclic.buffer.size=1048576 -javaagent:C:\Program Files\JetBrains\IntelliJ IDEA Community Edition 2022.2.1\lib\idea_rt.jar=62062:C:\Program Files\JetBrains\IntelliJ IDEA Community Edition 2022.2.1\bin -Dfile.encoding=windows-1251 com.intellij.rt.junit.JUnitStarter -ideVersion5 -junit5 ElementTest,openElements

Host: AMD Ryzen 7 4700U with Radeon Graphics         , 8 cores, 7G,  Windows 10 , 64 bit Build 19041 (10.0.19041.2364)
Time: Mon Jan 23 18:28:33 2023 RTZ 2 (зима) elapsed time: 1.002592 seconds (0d 0h 0m 1s)

---------------  T H R E A D  ---------------

Current thread (0x00000261446a6800):  JavaThread "C2 CompilerThread0" daemon [_thread_in_native, id=94040, stack(0x000000ac32300000,0x000000ac32400000)]


Current CompileTask:
C2:   1002  737   !   4       jdk.internal.loader.URLClassPath$JarLoader::getResource (65 bytes)

Stack: [0x000000ac32300000,0x000000ac32400000]
Native frames: (J=compiled Java code, j=interpreted, Vv=VM code, C=native code)
V  [jvm.dll+0x6296da]
V  [jvm.dll+0x76323f]
V  [jvm.dll+0x7648e9]
V  [jvm.dll+0x764f73]
V  [jvm.dll+0x23d7c8]
V  [jvm.dll+0xb297c]
V  [jvm.dll+0xb2f3c]
V  [jvm.dll+0x340e52]
V  [jvm.dll+0x18c969]
V  [jvm.dll+0x1f8472]
V  [jvm.dll+0x1f754d]
V  [jvm.dll+0x177b21]
V  [jvm.dll+0x206e26]
V  [jvm.dll+0x204fbb]
V  [jvm.dll+0x729170]
V  [jvm.dll+0x721d44]
V  [jvm.dll+0x6285d6]
C  [ucrtbase.dll+0x21bb2]
C  [KERNEL32.DLL+0x17614]
C  [ntdll.dll+0x526a1]


---------------  P R O C E S S  ---------------

Threads class SMR info:
_java_thread_list=0x0000026145c513d0, length=12, elements={
0x0000026126c5e000, 0x000002614465f800, 0x0000026144689800, 0x0000026145003000,
0x00000261446a1800, 0x00000261446a2000, 0x00000261446a6800, 0x00000261446a7800,
0x00000261446a8800, 0x0000026145158000, 0x0000026145406800, 0x000002614588a800
}

Java Threads: ( => current thread )
  0x0000026126c5e000 JavaThread "main" [_thread_in_vm, id=93944, stack(0x000000ac31700000,0x000000ac31800000)]
  0x000002614465f800 JavaThread "Reference Handler" daemon [_thread_blocked, id=92736, stack(0x000000ac31e00000,0x000000ac31f00000)]
  0x0000026144689800 JavaThread "Finalizer" daemon [_thread_blocked, id=96928, stack(0x000000ac31f00000,0x000000ac32000000)]
  0x0000026145003000 JavaThread "Signal Dispatcher" daemon [_thread_blocked, id=59420, stack(0x000000ac32000000,0x000000ac32100000)]
  0x00000261446a1800 JavaThread "Attach Listener" daemon [_thread_blocked, id=89964, stack(0x000000ac32100000,0x000000ac32200000)]
  0x00000261446a2000 JavaThread "Service Thread" daemon [_thread_blocked, id=92372, stack(0x000000ac32200000,0x000000ac32300000)]
=>0x00000261446a6800 JavaThread "C2 CompilerThread0" daemon [_thread_in_native, id=94040, stack(0x000000ac32300000,0x000000ac32400000)]
  0x00000261446a7800 JavaThread "C1 CompilerThread0" daemon [_thread_in_native, id=5752, stack(0x000000ac32400000,0x000000ac32500000)]
  0x00000261446a8800 JavaThread "Sweeper thread" daemon [_thread_blocked, id=97760, stack(0x000000ac32500000,0x000000ac32600000)]
  0x0000026145158000 JavaThread "Common-Cleaner" daemon [_thread_blocked, id=99284, stack(0x000000ac32600000,0x000000ac32700000)]
  0x0000026145406800 JavaThread "Monitor Ctrl-Break" daemon [_thread_in_native, id=81216, stack(0x000000ac32700000,0x000000ac32800000)]
  0x000002614588a800 JavaThread "C2 CompilerThread1" daemon [_thread_new, id=78420, stack(0x0000000000000000,0x0000000000000000)]

Other Threads:
  0x000002614465b800 VMThread "VM Thread" [stack: 0x000000ac31d00000,0x000000ac31e00000] [id=83824]
  0x000002614540c000 WatcherThread [stack: 0x000000ac32800000,0x000000ac32900000] [id=92092]
  0x0000026126c73000 GCTaskThread "GC Thread#0" [stack: 0x000000ac31800000,0x000000ac31900000] [id=100008]
  0x0000026126c9f800 ConcurrentGCThread "G1 Main Marker" [stack: 0x000000ac31900000,0x000000ac31a00000] [id=98288]
  0x0000026126ca1800 ConcurrentGCThread "G1 Conc#0" [stack: 0x000000ac31a00000,0x000000ac31b00000] [id=72544]
  0x00000261444c4800 ConcurrentGCThread "G1 Refine#0" [stack: 0x000000ac31b00000,0x000000ac31c00000] [id=79708]
  0x00000261444c6000 ConcurrentGCThread "G1 Young RemSet Sampling" [stack: 0x000000ac31c00000,0x000000ac31d00000] [id=93324]

Threads with active compile tasks:
C2 CompilerThread0   1037  737   !   4       jdk.internal.loader.URLClassPath$JarLoader::getResource (65 bytes)

VM state:not at safepoint (normal execution)

VM Mutex/Monitor currently owned by a thread: None

Heap address: 0x000000008a200000, size: 1886 MB, Compressed Oops mode: 32-bit
Narrow klass base: 0x0000000000000000, Narrow klass shift: 3
Compressed class space size: 1073741824 Address: 0x0000000100000000

Heap:
 garbage-first heap   total 120832K, used 18432K [0x000000008a200000, 0x0000000100000000)
  region size 1024K, 20 young (20480K), 0 survivors (0K)
 Metaspace       used 10099K, capacity 10341K, committed 10496K, reserved 1058816K
  class space    used 924K, capacity 976K, committed 1024K, reserved 1048576K
Heap Regions: E=young(eden), S=young(survivor), O=old, HS=humongous(starts), HC=humongous(continues), CS=collection set, F=free, A=archive, TAMS=top-at-mark-start (previous, next)
|   0|0x000000008a200000, 0x000000008a200000, 0x000000008a300000|  0%| F|  |TAMS 0x000000008a200000, 0x000000008a200000| Untracked 
|   1|0x000000008a300000, 0x000000008a300000, 0x000000008a400000|  0%| F|  |TAMS 0x000000008a300000, 0x000000008a300000| Untracked 
|   2|0x000000008a400000, 0x000000008a400000, 0x000000008a500000|  0%| F|  |TAMS 0x000000008a400000, 0x000000008a400000| Untracked 
|   3|0x000000008a500000, 0x000000008a500000, 0x000000008a600000|  0%| F|  |TAMS 0x000000008a500000, 0x000000008a500000| Untracked 
|   4|0x000000008a600000, 0x000000008a600000, 0x000000008a700000|  0%| F|  |TAMS 0x000000008a600000, 0x000000008a600000| Untracked 
|   5|0x000000008a700000, 0x000000008a700000, 0x000000008a800000|  0%| F|  |TAMS 0x000000008a700000, 0x000000008a700000| Untracked 
|   6|0x000000008a800000, 0x000000008a800000, 0x000000008a900000|  0%| F|  |TAMS 0x000000008a800000, 0x000000008a800000| Untracked 
|   7|0x000000008a900000, 0x000000008a900000, 0x000000008aa00000|  0%| F|  |TAMS 0x000000008a900000, 0x000000008a900000| Untracked 
|   8|0x000000008aa00000, 0x000000008aa00000, 0x000000008ab00000|  0%| F|  |TAMS 0x000000008aa00000, 0x000000008aa00000| Untracked 
|   9|0x000000008ab00000, 0x000000008ab00000, 0x000000008ac00000|  0%| F|  |TAMS 0x000000008ab00000, 0x000000008ab00000| Untracked 
|  10|0x000000008ac00000, 0x000000008ac00000, 0x000000008ad00000|  0%| F|  |TAMS 0x000000008ac00000, 0x000000008ac00000| Untracked 
|  11|0x000000008ad00000, 0x000000008ad00000, 0x000000008ae00000|  0%| F|  |TAMS 0x000000008ad00000, 0x000000008ad00000| Untracked 
|  12|0x000000008ae00000, 0x000000008ae00000, 0x000000008af00000|  0%| F|  |TAMS 0x000000008ae00000, 0x000000008ae00000| Untracked 
|  13|0x000000008af00000, 0x000000008af00000, 0x000000008b000000|  0%| F|  |TAMS 0x000000008af00000, 0x000000008af00000| Untracked 
|  14|0x000000008b000000, 0x000000008b000000, 0x000000008b100000|  0%| F|  |TAMS 0x000000008b000000, 0x000000008b000000| Untracked 
|  15|0x000000008b100000, 0x000000008b100000, 0x000000008b200000|  0%| F|  |TAMS 0x000000008b100000, 0x000000008b100000| Untracked 
|  16|0x000000008b200000, 0x000000008b200000, 0x000000008b300000|  0%| F|  |TAMS 0x000000008b200000, 0x000000008b200000| Untracked 
|  17|0x000000008b300000, 0x000000008b300000, 0x000000008b400000|  0%| F|  |TAMS 0x000000008b300000, 0x000000008b300000| Untracked 
|  18|0x000000008b400000, 0x000000008b400000, 0x000000008b500000|  0%| F|  |TAMS 0x000000008b400000, 0x000000008b400000| Untracked 
|  19|0x000000008b500000, 0x000000008b500000, 0x000000008b600000|  0%| F|  |TAMS 0x000000008b500000, 0x000000008b500000| Untracked 
|  20|0x000000008b600000, 0x000000008b600000, 0x000000008b700000|  0%| F|  |TAMS 0x000000008b600000, 0x000000008b600000| Untracked 
|  21|0x000000008b700000, 0x000000008b700000, 0x000000008b800000|  0%| F|  |TAMS 0x000000008b700000, 0x000000008b700000| Untracked 
|  22|0x000000008b800000, 0x000000008b800000, 0x000000008b900000|  0%| F|  |TAMS 0x000000008b800000, 0x000000008b800000| Untracked 
|  23|0x000000008b900000, 0x000000008b900000, 0x000000008ba00000|  0%| F|  |TAMS 0x000000008b900000, 0x000000008b900000| Untracked 
|  24|0x000000008ba00000, 0x000000008ba00000, 0x000000008bb00000|  0%| F|  |TAMS 0x000000008ba00000, 0x000000008ba00000| Untracked 
|  25|0x000000008bb00000, 0x000000008bb00000, 0x000000008bc00000|  0%| F|  |TAMS 0x000000008bb00000, 0x000000008bb00000| Untracked 
|  26|0x000000008bc00000, 0x000000008bc00000, 0x000000008bd00000|  0%| F|  |TAMS 0x000000008bc00000, 0x000000008bc00000| Untracked 
|  27|0x000000008bd00000, 0x000000008bd00000, 0x000000008be00000|  0%| F|  |TAMS 0x000000008bd00000, 0x000000008bd00000| Untracked 
|  28|0x000000008be00000, 0x000000008be00000, 0x000000008bf00000|  0%| F|  |TAMS 0x000000008be00000, 0x000000008be00000| Untracked 
|  29|0x000000008bf00000, 0x000000008bf00000, 0x000000008c000000|  0%| F|  |TAMS 0x000000008bf00000, 0x000000008bf00000| Untracked 
|  30|0x000000008c000000, 0x000000008c000000, 0x000000008c100000|  0%| F|  |TAMS 0x000000008c000000, 0x000000008c000000| Untracked 
|  31|0x000000008c100000, 0x000000008c100000, 0x000000008c200000|  0%| F|  |TAMS 0x000000008c100000, 0x000000008c100000| Untracked 
|  32|0x000000008c200000, 0x000000008c200000, 0x000000008c300000|  0%| F|  |TAMS 0x000000008c200000, 0x000000008c200000| Untracked 
|  33|0x000000008c300000, 0x000000008c300000, 0x000000008c400000|  0%| F|  |TAMS 0x000000008c300000, 0x000000008c300000| Untracked 
|  34|0x000000008c400000, 0x000000008c400000, 0x000000008c500000|  0%| F|  |TAMS 0x000000008c400000, 0x000000008c400000| Untracked 
|  35|0x000000008c500000, 0x000000008c500000, 0x000000008c600000|  0%| F|  |TAMS 0x000000008c500000, 0x000000008c500000| Untracked 
|  36|0x000000008c600000, 0x000000008c600000, 0x000000008c700000|  0%| F|  |TAMS 0x000000008c600000, 0x000000008c600000| Untracked 
|  37|0x000000008c700000, 0x000000008c700000, 0x000000008c800000|  0%| F|  |TAMS 0x000000008c700000, 0x000000008c700000| Untracked 
|  38|0x000000008c800000, 0x000000008c800000, 0x000000008c900000|  0%| F|  |TAMS 0x000000008c800000, 0x000000008c800000| Untracked 
|  39|0x000000008c900000, 0x000000008c900000, 0x000000008ca00000|  0%| F|  |TAMS 0x000000008c900000, 0x000000008c900000| Untracked 
|  40|0x000000008ca00000, 0x000000008ca00000, 0x000000008cb00000|  0%| F|  |TAMS 0x000000008ca00000, 0x000000008ca00000| Untracked 
|  41|0x000000008cb00000, 0x000000008cb00000, 0x000000008cc00000|  0%| F|  |TAMS 0x000000008cb00000, 0x000000008cb00000| Untracked 
|  42|0x000000008cc00000, 0x000000008cc00000, 0x000000008cd00000|  0%| F|  |TAMS 0x000000008cc00000, 0x000000008cc00000| Untracked 
|  43|0x000000008cd00000, 0x000000008cd00000, 0x000000008ce00000|  0%| F|  |TAMS 0x000000008cd00000, 0x000000008cd00000| Untracked 
|  44|0x000000008ce00000, 0x000000008ce00000, 0x000000008cf00000|  0%| F|  |TAMS 0x000000008ce00000, 0x000000008ce00000| Untracked 
|  45|0x000000008cf00000, 0x000000008cf00000, 0x000000008d000000|  0%| F|  |TAMS 0x000000008cf00000, 0x000000008cf00000| Untracked 
|  46|0x000000008d000000, 0x000000008d000000, 0x000000008d100000|  0%| F|  |TAMS 0x000000008d000000, 0x000000008d000000| Untracked 
|  47|0x000000008d100000, 0x000000008d100000, 0x000000008d200000|  0%| F|  |TAMS 0x000000008d100000, 0x000000008d100000| Untracked 
|  48|0x000000008d200000, 0x000000008d200000, 0x000000008d300000|  0%| F|  |TAMS 0x000000008d200000, 0x000000008d200000| Untracked 
|  49|0x000000008d300000, 0x000000008d300000, 0x000000008d400000|  0%| F|  |TAMS 0x000000008d300000, 0x000000008d300000| Untracked 
|  50|0x000000008d400000, 0x000000008d400000, 0x000000008d500000|  0%| F|  |TAMS 0x000000008d400000, 0x000000008d400000| Untracked 
|  51|0x000000008d500000, 0x000000008d500000, 0x000000008d600000|  0%| F|  |TAMS 0x000000008d500000, 0x000000008d500000| Untracked 
|  52|0x000000008d600000, 0x000000008d600000, 0x000000008d700000|  0%| F|  |TAMS 0x000000008d600000, 0x000000008d600000| Untracked 
|  53|0x000000008d700000, 0x000000008d700000, 0x000000008d800000|  0%| F|  |TAMS 0x000000008d700000, 0x000000008d700000| Untracked 
|  54|0x000000008d800000, 0x000000008d800000, 0x000000008d900000|  0%| F|  |TAMS 0x000000008d800000, 0x000000008d800000| Untracked 
|  55|0x000000008d900000, 0x000000008d900000, 0x000000008da00000|  0%| F|  |TAMS 0x000000008d900000, 0x000000008d900000| Untracked 
|  56|0x000000008da00000, 0x000000008da00000, 0x000000008db00000|  0%| F|  |TAMS 0x000000008da00000, 0x000000008da00000| Untracked 
|  57|0x000000008db00000, 0x000000008db00000, 0x000000008dc00000|  0%| F|  |TAMS 0x000000008db00000, 0x000000008db00000| Untracked 
|  58|0x000000008dc00000, 0x000000008dc00000, 0x000000008dd00000|  0%| F|  |TAMS 0x000000008dc00000, 0x000000008dc00000| Untracked 
|  59|0x000000008dd00000, 0x000000008dd00000, 0x000000008de00000|  0%| F|  |TAMS 0x000000008dd00000, 0x000000008dd00000| Untracked 
|  60|0x000000008de00000, 0x000000008de00000, 0x000000008df00000|  0%| F|  |TAMS 0x000000008de00000, 0x000000008de00000| Untracked 
|  61|0x000000008df00000, 0x000000008df00000, 0x000000008e000000|  0%| F|  |TAMS 0x000000008df00000, 0x000000008df00000| Untracked 
|  62|0x000000008e000000, 0x000000008e000000, 0x000000008e100000|  0%| F|  |TAMS 0x000000008e000000, 0x000000008e000000| Untracked 
|  63|0x000000008e100000, 0x000000008e100000, 0x000000008e200000|  0%| F|  |TAMS 0x000000008e100000, 0x000000008e100000| Untracked 
|  64|0x000000008e200000, 0x000000008e200000, 0x000000008e300000|  0%| F|  |TAMS 0x000000008e200000, 0x000000008e200000| Untracked 
|  65|0x000000008e300000, 0x000000008e300000, 0x000000008e400000|  0%| F|  |TAMS 0x000000008e300000, 0x000000008e300000| Untracked 
|  66|0x000000008e400000, 0x000000008e400000, 0x000000008e500000|  0%| F|  |TAMS 0x000000008e400000, 0x000000008e400000| Untracked 
|  67|0x000000008e500000, 0x000000008e500000, 0x000000008e600000|  0%| F|  |TAMS 0x000000008e500000, 0x000000008e500000| Untracked 
|  68|0x000000008e600000, 0x000000008e600000, 0x000000008e700000|  0%| F|  |TAMS 0x000000008e600000, 0x000000008e600000| Untracked 
|  69|0x000000008e700000, 0x000000008e700000, 0x000000008e800000|  0%| F|  |TAMS 0x000000008e700000, 0x000000008e700000| Untracked 
|  70|0x000000008e800000, 0x000000008e800000, 0x000000008e900000|  0%| F|  |TAMS 0x000000008e800000, 0x000000008e800000| Untracked 
|  71|0x000000008e900000, 0x000000008e900000, 0x000000008ea00000|  0%| F|  |TAMS 0x000000008e900000, 0x000000008e900000| Untracked 
|  72|0x000000008ea00000, 0x000000008ea00000, 0x000000008eb00000|  0%| F|  |TAMS 0x000000008ea00000, 0x000000008ea00000| Untracked 
|  73|0x000000008eb00000, 0x000000008eb00000, 0x000000008ec00000|  0%| F|  |TAMS 0x000000008eb00000, 0x000000008eb00000| Untracked 
|  74|0x000000008ec00000, 0x000000008ec00000, 0x000000008ed00000|  0%| F|  |TAMS 0x000000008ec00000, 0x000000008ec00000| Untracked 
|  75|0x000000008ed00000, 0x000000008ed00000, 0x000000008ee00000|  0%| F|  |TAMS 0x000000008ed00000, 0x000000008ed00000| Untracked 
|  76|0x000000008ee00000, 0x000000008ee00000, 0x000000008ef00000|  0%| F|  |TAMS 0x000000008ee00000, 0x000000008ee00000| Untracked 
|  77|0x000000008ef00000, 0x000000008ef00000, 0x000000008f000000|  0%| F|  |TAMS 0x000000008ef00000, 0x000000008ef00000| Untracked 
|  78|0x000000008f000000, 0x000000008f000000, 0x000000008f100000|  0%| F|  |TAMS 0x000000008f000000, 0x000000008f000000| Untracked 
|  79|0x000000008f100000, 0x000000008f100000, 0x000000008f200000|  0%| F|  |TAMS 0x000000008f100000, 0x000000008f100000| Untracked 
|  80|0x000000008f200000, 0x000000008f200000, 0x000000008f300000|  0%| F|  |TAMS 0x000000008f200000, 0x000000008f200000| Untracked 
|  81|0x000000008f300000, 0x000000008f300000, 0x000000008f400000|  0%| F|  |TAMS 0x000000008f300000, 0x000000008f300000| Untracked 
|  82|0x000000008f400000, 0x000000008f400000, 0x000000008f500000|  0%| F|  |TAMS 0x000000008f400000, 0x000000008f400000| Untracked 
|  83|0x000000008f500000, 0x000000008f500000, 0x000000008f600000|  0%| F|  |TAMS 0x000000008f500000, 0x000000008f500000| Untracked 
|  84|0x000000008f600000, 0x000000008f600000, 0x000000008f700000|  0%| F|  |TAMS 0x000000008f600000, 0x000000008f600000| Untracked 
|  85|0x000000008f700000, 0x000000008f700000, 0x000000008f800000|  0%| F|  |TAMS 0x000000008f700000, 0x000000008f700000| Untracked 
|  86|0x000000008f800000, 0x000000008f800000, 0x000000008f900000|  0%| F|  |TAMS 0x000000008f800000, 0x000000008f800000| Untracked 
|  87|0x000000008f900000, 0x000000008f900000, 0x000000008fa00000|  0%| F|  |TAMS 0x000000008f900000, 0x000000008f900000| Untracked 
|  88|0x000000008fa00000, 0x000000008fa00000, 0x000000008fb00000|  0%| F|  |TAMS 0x000000008fa00000, 0x000000008fa00000| Untracked 
|  89|0x000000008fb00000, 0x000000008fb00000, 0x000000008fc00000|  0%| F|  |TAMS 0x000000008fb00000, 0x000000008fb00000| Untracked 
|  90|0x000000008fc00000, 0x000000008fc00000, 0x000000008fd00000|  0%| F|  |TAMS 0x000000008fc00000, 0x000000008fc00000| Untracked 
|  91|0x000000008fd00000, 0x000000008fd00000, 0x000000008fe00000|  0%| F|  |TAMS 0x000000008fd00000, 0x000000008fd00000| Untracked 
|  92|0x000000008fe00000, 0x000000008fe00000, 0x000000008ff00000|  0%| F|  |TAMS 0x000000008fe00000, 0x000000008fe00000| Untracked 
|  93|0x000000008ff00000, 0x000000008ff00000, 0x0000000090000000|  0%| F|  |TAMS 0x000000008ff00000, 0x000000008ff00000| Untracked 
|  94|0x0000000090000000, 0x0000000090000000, 0x0000000090100000|  0%| F|  |TAMS 0x0000000090000000, 0x0000000090000000| Untracked 
|  95|0x0000000090100000, 0x0000000090100000, 0x0000000090200000|  0%| F|  |TAMS 0x0000000090100000, 0x0000000090100000| Untracked 
|  96|0x0000000090200000, 0x0000000090200000, 0x0000000090300000|  0%| F|  |TAMS 0x0000000090200000, 0x0000000090200000| Untracked 
|  97|0x0000000090300000, 0x0000000090300000, 0x0000000090400000|  0%| F|  |TAMS 0x0000000090300000, 0x0000000090300000| Untracked 
|  98|0x0000000090400000, 0x000000009047b628, 0x0000000090500000| 48%| E|  |TAMS 0x0000000090400000, 0x0000000090400000| Complete 
|  99|0x0000000090500000, 0x0000000090600000, 0x0000000090600000|100%| E|CS|TAMS 0x0000000090500000, 0x0000000090500000| Complete 
| 100|0x0000000090600000, 0x0000000090700000, 0x0000000090700000|100%| E|CS|TAMS 0x0000000090600000, 0x0000000090600000| Complete 
| 101|0x0000000090700000, 0x0000000090800000, 0x0000000090800000|100%| E|CS|TAMS 0x0000000090700000, 0x0000000090700000| Complete 
| 102|0x0000000090800000, 0x0000000090900000, 0x0000000090900000|100%| E|CS|TAMS 0x0000000090800000, 0x0000000090800000| Complete 
| 103|0x0000000090900000, 0x0000000090a00000, 0x0000000090a00000|100%| E|CS|TAMS 0x0000000090900000, 0x0000000090900000| Complete 
| 104|0x0000000090a00000, 0x0000000090b00000, 0x0000000090b00000|100%| E|CS|TAMS 0x0000000090a00000, 0x0000000090a00000| Complete 
| 105|0x0000000090b00000, 0x0000000090c00000, 0x0000000090c00000|100%| E|CS|TAMS 0x0000000090b00000, 0x0000000090b00000| Complete 
| 106|0x0000000090c00000, 0x0000000090d00000, 0x0000000090d00000|100%| E|CS|TAMS 0x0000000090c00000, 0x0000000090c00000| Complete 
| 107|0x0000000090d00000, 0x0000000090e00000, 0x0000000090e00000|100%| E|CS|TAMS 0x0000000090d00000, 0x0000000090d00000| Complete 
| 108|0x0000000090e00000, 0x0000000090f00000, 0x0000000090f00000|100%| E|CS|TAMS 0x0000000090e00000, 0x0000000090e00000| Complete 
| 109|0x0000000090f00000, 0x0000000091000000, 0x0000000091000000|100%| E|CS|TAMS 0x0000000090f00000, 0x0000000090f00000| Complete 
| 110|0x0000000091000000, 0x0000000091100000, 0x0000000091100000|100%| E|CS|TAMS 0x0000000091000000, 0x0000000091000000| Complete 
| 111|0x0000000091100000, 0x0000000091200000, 0x0000000091200000|100%| E|  |TAMS 0x0000000091100000, 0x0000000091100000| Complete 
| 112|0x0000000091200000, 0x0000000091300000, 0x0000000091300000|100%| E|CS|TAMS 0x0000000091200000, 0x0000000091200000| Complete 
| 113|0x0000000091300000, 0x0000000091400000, 0x0000000091400000|100%| E|CS|TAMS 0x0000000091300000, 0x0000000091300000| Complete 
| 114|0x0000000091400000, 0x0000000091500000, 0x0000000091500000|100%| E|CS|TAMS 0x0000000091400000, 0x0000000091400000| Complete 
| 115|0x0000000091500000, 0x0000000091600000, 0x0000000091600000|100%| E|CS|TAMS 0x0000000091500000, 0x0000000091500000| Complete 
| 116|0x0000000091600000, 0x0000000091700000, 0x0000000091700000|100%| E|CS|TAMS 0x0000000091600000, 0x0000000091600000| Complete 
| 117|0x0000000091700000, 0x0000000091800000, 0x0000000091800000|100%| E|CS|TAMS 0x0000000091700000, 0x0000000091700000| Complete 

Card table byte_map: [0x000002613d9b0000,0x000002613dd60000] _byte_map_base: 0x000002613d55f000

Marking Bits (Prev, Next): (CMBitMap*) 0x0000026126c97148, (CMBitMap*) 0x0000026126c97180
 Prev Bits: [0x000002613e110000, 0x000002613fe88000)
 Next Bits: [0x000002613fe90000, 0x0000026141c08000)

Polling page: 0x0000026124c60000

Metaspace:

Usage:
  Non-class:      9.15 MB capacity,     8.96 MB ( 98%) used,   176.31 KB (  2%) free+waste,    12.31 KB ( <1%) overhead. 
      Class:    976.00 KB capacity,   925.91 KB ( 95%) used,    44.59 KB (  5%) free+waste,     5.50 KB ( <1%) overhead. 
       Both:     10.10 MB capacity,     9.87 MB ( 98%) used,   220.91 KB (  2%) free+waste,    17.81 KB ( <1%) overhead. 

Virtual space:
  Non-class space:       10.00 MB reserved,       9.25 MB ( 93%) committed 
      Class space:        1.00 GB reserved,       1.00 MB ( <1%) committed 
             Both:        1.01 GB reserved,      10.25 MB ( <1%) committed 

Chunk freelists:
   Non-Class:  5.38 KB
       Class:  2.00 KB
        Both:  7.38 KB

CodeHeap 'non-profiled nmethods': size=120000Kb used=269Kb max_used=269Kb free=119730Kb
 bounds [0x0000026135d90000, 0x0000026136000000, 0x000002613d2c0000]
CodeHeap 'profiled nmethods': size=120000Kb used=1396Kb max_used=1396Kb free=118603Kb
 bounds [0x000002612e860000, 0x000002612ead0000, 0x0000026135d90000]
CodeHeap 'non-nmethods': size=5760Kb used=1066Kb max_used=1083Kb free=4693Kb
 bounds [0x000002612e2c0000, 0x000002612e530000, 0x000002612e860000]
 total_blobs=1123 nmethods=759 adapters=276
 compilation: enabled
              stopped_count=0, restarted_count=0
 full_count=0

Compilation events (10 events):
Event: 0.957 Thread 0x00000261446a7800  745   !   3       java.util.zip.ZipFile$ZipFileInflaterInputStream::close (67 bytes)
Event: 0.958 Thread 0x00000261446a7800 nmethod 745 0x000002612e9b3110 code [0x000002612e9b3300, 0x000002612e9b3998]
Event: 0.958 Thread 0x00000261446a7800  746       3       jdk.internal.ref.PhantomCleanable::clean (16 bytes)
Event: 0.958 Thread 0x00000261446a7800 nmethod 746 0x000002612e9b3c90 code [0x000002612e9b3e40, 0x000002612e9b40f8]
Event: 0.958 Thread 0x00000261446a7800  747       3       jdk.internal.ref.CleanerImpl$PhantomCleanableRef::performCleanup (10 bytes)
Event: 0.958 Thread 0x00000261446a7800 nmethod 747 0x000002612e9b4210 code [0x000002612e9b43c0, 0x000002612e9b4588]
Event: 0.970 Thread 0x00000261446a7800  749       3       java.util.zip.ZipFile$InflaterCleanupAction::run (12 bytes)
Event: 0.970 Thread 0x00000261446a7800 nmethod 749 0x000002612e9b4690 code [0x000002612e9b4840, 0x000002612e9b4a08]
Event: 0.970 Thread 0x00000261446a7800  750   !   3       java.util.zip.ZipFile$CleanableResource::releaseInflater (53 bytes)
Event: 0.971 Thread 0x00000261446a7800 nmethod 750 0x000002612e9b4b10 code [0x000002612e9b4ce0, 0x000002612e9b51a8]

GC Heap History (0 events):
No events

Deoptimization events (10 events):
Event: 0.534 Thread 0x0000026126c5e000 Uncommon trap: reason=bimorphic_or_optimized_type_check action=maybe_recompile pc=0x0000026135d9bb94 method=java.util.AbstractCollection.isEmpty()Z @ 1 c2
Event: 0.535 Thread 0x0000026126c5e000 Uncommon trap: reason=bimorphic_or_optimized_type_check action=maybe_recompile pc=0x0000026135d9bb94 method=java.util.AbstractCollection.isEmpty()Z @ 1 c2
Event: 0.536 Thread 0x0000026126c5e000 Uncommon trap: reason=bimorphic_or_optimized_type_check action=maybe_recompile pc=0x0000026135d9bb94 method=java.util.AbstractCollection.isEmpty()Z @ 1 c2
Event: 0.620 Thread 0x0000026126c5e000 Uncommon trap: reason=unstable_if action=reinterpret pc=0x0000026135d9e8bc method=java.util.HashMap.putVal(ILjava/lang/Object;Ljava/lang/Object;ZZ)Ljava/lang/Object; @ 181 c2
Event: 0.798 Thread 0x0000026126c5e000 Uncommon trap: reason=unstable_if action=reinterpret pc=0x0000026135dba8a0 method=java.io.WinNTFileSystem.normalize(Ljava/lang/String;)Ljava/lang/String; @ 40 c2
Event: 0.891 Thread 0x0000026126c5e000 Uncommon trap: reason=class_check action=maybe_recompile pc=0x0000026135dc3604 method=java.util.HashMap.putVal(ILjava/lang/Object;Ljava/lang/Object;ZZ)Ljava/lang/Object; @ 91 c2
Event: 0.891 Thread 0x0000026126c5e000 Uncommon trap: reason=class_check action=maybe_recompile pc=0x0000026135dc3604 method=java.util.HashMap.putVal(ILjava/lang/Object;Ljava/lang/Object;ZZ)Ljava/lang/Object; @ 91 c2
Event: 0.891 Thread 0x0000026126c5e000 Uncommon trap: reason=class_check action=maybe_recompile pc=0x0000026135dc3604 method=java.util.HashMap.putVal(ILjava/lang/Object;Ljava/lang/Object;ZZ)Ljava/lang/Object; @ 91 c2
Event: 0.891 Thread 0x0000026126c5e000 Uncommon trap: reason=class_check action=maybe_recompile pc=0x0000026135dc3604 method=java.util.HashMap.putVal(ILjava/lang/Object;Ljava/lang/Object;ZZ)Ljava/lang/Object; @ 91 c2
Event: 0.905 Thread 0x0000026126c5e000 Uncommon trap: reason=unstable_if action=reinterpret pc=0x0000026135dca65c method=java.lang.AbstractStringBuilder.append(Ljava/lang/String;)Ljava/lang/AbstractStringBuilder; @ 1 c2

Classes redefined (0 events):
No events

Internal exceptions (10 events):
Event: 0.763 Thread 0x0000026126c5e000 Exception <a 'java/security/PrivilegedActionException'{0x0000000090c16958}> (0x0000000090c16958) thrown at [./open/src/hotspot/share/prims/jvm.cpp, line 1305]
Event: 0.764 Thread 0x0000026126c5e000 Exception <a 'java/security/PrivilegedActionException'{0x0000000090c17d98}> (0x0000000090c17d98) thrown at [./open/src/hotspot/share/prims/jvm.cpp, line 1305]
Event: 0.764 Thread 0x0000026126c5e000 Exception <a 'java/security/PrivilegedActionException'{0x0000000090c18310}> (0x0000000090c18310) thrown at [./open/src/hotspot/share/prims/jvm.cpp, line 1305]
Event: 0.764 Thread 0x0000026126c5e000 Exception <a 'java/security/PrivilegedActionException'{0x0000000090c19728}> (0x0000000090c19728) thrown at [./open/src/hotspot/share/prims/jvm.cpp, line 1305]
Event: 0.764 Thread 0x0000026126c5e000 Exception <a 'java/security/PrivilegedActionException'{0x0000000090c19ca0}> (0x0000000090c19ca0) thrown at [./open/src/hotspot/share/prims/jvm.cpp, line 1305]
Event: 0.764 Thread 0x0000026126c5e000 Exception <a 'java/security/PrivilegedActionException'{0x0000000090c1b130}> (0x0000000090c1b130) thrown at [./open/src/hotspot/share/prims/jvm.cpp, line 1305]
Event: 0.764 Thread 0x0000026126c5e000 Exception <a 'java/security/PrivilegedActionException'{0x0000000090c1b6a8}> (0x0000000090c1b6a8) thrown at [./open/src/hotspot/share/prims/jvm.cpp, line 1305]
Event: 0.764 Thread 0x0000026126c5e000 Exception <a 'java/security/PrivilegedActionException'{0x0000000090c1cae8}> (0x0000000090c1cae8) thrown at [./open/src/hotspot/share/prims/jvm.cpp, line 1305]
Event: 0.764 Thread 0x0000026126c5e000 Exception <a 'java/security/PrivilegedActionException'{0x0000000090c1d060}> (0x0000000090c1d060) thrown at [./open/src/hotspot/share/prims/jvm.cpp, line 1305]
Event: 0.905 Thread 0x0000026126c5e000 Implicit null exception at 0x0000026135dca0f4 to 0x0000026135dca644

Events (10 events):
Event: 0.992 loading class com/fasterxml/jackson/databind/jsontype/impl/LaissezFaireSubTypeValidator
Event: 0.992 loading class com/fasterxml/jackson/databind/jsontype/impl/LaissezFaireSubTypeValidator done
Event: 0.994 loading class com/fasterxml/jackson/databind/jsontype/PolymorphicTypeValidator$Base
Event: 0.994 loading class com/fasterxml/jackson/databind/jsontype/PolymorphicTypeValidator$Base done
Event: 0.996 loading class java/text/DateFormat
Event: 0.997 loading class java/text/Format
Event: 0.997 loading class java/text/Format done
Event: 0.997 loading class java/text/DateFormat done
Event: 0.997 loading class com/fasterxml/jackson/databind/util/StdDateFormat
Event: 0.997 loading class com/fasterxml/jackson/databind/util/StdDateFormat done


Dynamic libraries:
0x00007ff608b40000 - 0x00007ff608b4f000 	C:\Program Files\Java\jdk-11.0.14\bin\java.exe
0x00007fffedfb0000 - 0x00007fffee1a8000 	C:\windows\SYSTEM32\ntdll.dll
0x00007fffec510000 - 0x00007fffec5cf000 	C:\windows\System32\KERNEL32.DLL
0x00007fffebbb0000 - 0x00007fffebe82000 	C:\windows\System32\KERNELBASE.dll
0x00007fffeba60000 - 0x00007fffebb60000 	C:\windows\System32\ucrtbase.dll
0x00007fffd3c90000 - 0x00007fffd3ca8000 	C:\Program Files\Java\jdk-11.0.14\bin\jli.dll
0x00007fffec290000 - 0x00007fffec33e000 	C:\windows\System32\ADVAPI32.dll
0x00007fffd4160000 - 0x00007fffd4175000 	C:\Program Files\Java\jdk-11.0.14\bin\VCRUNTIME140.dll
0x00007fffecd30000 - 0x00007fffecdce000 	C:\windows\System32\msvcrt.dll
0x00007fffecdd0000 - 0x00007fffece6c000 	C:\windows\System32\sechost.dll
0x00007fffecaf0000 - 0x00007fffecc15000 	C:\windows\System32\RPCRT4.dll
0x00007fffec5d0000 - 0x00007fffec771000 	C:\windows\System32\USER32.dll
0x00007fffebf20000 - 0x00007fffebf42000 	C:\windows\System32\win32u.dll
0x00007fffec0d0000 - 0x00007fffec0fb000 	C:\windows\System32\GDI32.dll
0x00007fffd3e40000 - 0x00007fffd40da000 	C:\windows\WinSxS\amd64_microsoft.windows.common-controls_6595b64144ccf1df_6.0.19041.1110_none_60b5254171f9507e\COMCTL32.dll
0x00007fffeb800000 - 0x00007fffeb90f000 	C:\windows\System32\gdi32full.dll
0x00007fffebf50000 - 0x00007fffebfed000 	C:\windows\System32\msvcp_win.dll
0x00007fffe1890000 - 0x00007fffe189a000 	C:\windows\SYSTEM32\VERSION.dll
0x00007fffecc20000 - 0x00007fffecc52000 	C:\windows\System32\IMM32.DLL
0x00007fffbdd80000 - 0x00007fffbde1b000 	C:\Program Files\Java\jdk-11.0.14\bin\msvcp140.dll
0x00007fff8bfe0000 - 0x00007fff8caf6000 	C:\Program Files\Java\jdk-11.0.14\bin\server\jvm.dll
0x00007fffec100000 - 0x00007fffec108000 	C:\windows\System32\PSAPI.DLL
0x00007fffa3900000 - 0x00007fffa3909000 	C:\windows\SYSTEM32\WSOCK32.dll
0x00007fffe11e0000 - 0x00007fffe1207000 	C:\windows\SYSTEM32\WINMM.dll
0x00007fffece70000 - 0x00007fffecedb000 	C:\windows\System32\WS2_32.dll
0x00007fffe9510000 - 0x00007fffe9522000 	C:\windows\SYSTEM32\kernel.appcore.dll
0x00007fffd4de0000 - 0x00007fffd4df0000 	C:\Program Files\Java\jdk-11.0.14\bin\verify.dll
0x00007fffd7cc0000 - 0x00007fffd7ea4000 	C:\windows\SYSTEM32\DBGHELP.DLL
0x00007fffcfa30000 - 0x00007fffcfa65000 	C:\windows\SYSTEM32\dbgcore.DLL
0x00007fffebe90000 - 0x00007fffebf12000 	C:\windows\System32\bcryptPrimitives.dll
0x00007fffc5fa0000 - 0x00007fffc5fc8000 	C:\Program Files\Java\jdk-11.0.14\bin\java.dll
0x00007fffd4c50000 - 0x00007fffd4c5a000 	C:\Program Files\Java\jdk-11.0.14\bin\jimage.dll
0x00007fffe74c0000 - 0x00007fffe74ce000 	C:\Program Files\Java\jdk-11.0.14\bin\instrument.dll
0x00007fffd37f0000 - 0x00007fffd3806000 	C:\Program Files\Java\jdk-11.0.14\bin\zip.dll
0x00007fffed6b0000 - 0x00007fffeddf4000 	C:\windows\System32\SHELL32.dll
0x00007fffe9730000 - 0x00007fffe9ec2000 	C:\windows\SYSTEM32\windows.storage.dll
0x00007fffecee0000 - 0x00007fffed235000 	C:\windows\System32\combase.dll
0x00007fffeb0b0000 - 0x00007fffeb0e0000 	C:\windows\SYSTEM32\Wldp.dll
0x00007fffec340000 - 0x00007fffec3ed000 	C:\windows\System32\SHCORE.dll
0x00007fffedf10000 - 0x00007fffedf65000 	C:\windows\System32\shlwapi.dll
0x00007fffeb5e0000 - 0x00007fffeb5ff000 	C:\windows\SYSTEM32\profapi.dll
0x00007fffc7140000 - 0x00007fffc7159000 	C:\Program Files\Java\jdk-11.0.14\bin\net.dll
0x00007fffe5460000 - 0x00007fffe556c000 	C:\windows\SYSTEM32\WINHTTP.dll
0x00007fffeadf0000 - 0x00007fffeae5a000 	C:\windows\system32\mswsock.dll
0x00007fffc6a70000 - 0x00007fffc6a82000 	C:\Program Files\Java\jdk-11.0.14\bin\nio.dll
0x00007fffd4d30000 - 0x00007fffd4d4a000 	C:\Program Files\JetBrains\IntelliJ IDEA Community Edition 2022.2.1\bin\breakgen64.dll

dbghelp: loaded successfully - version: 4.0.5 - missing functions: none
symbol engine: initialized successfully - sym options: 0x614 - pdb path: .;C:\Program Files\Java\jdk-11.0.14\bin;C:\windows\SYSTEM32;C:\windows\WinSxS\amd64_microsoft.windows.common-controls_6595b64144ccf1df_6.0.19041.1110_none_60b5254171f9507e;C:\Program Files\Java\jdk-11.0.14\bin\server;C:\Program Files\JetBrains\IntelliJ IDEA Community Edition 2022.2.1\bin

VM Arguments:
jvm_args: -ea -Didea.test.cyclic.buffer.size=1048576 -javaagent:C:\Program Files\JetBrains\IntelliJ IDEA Community Edition 2022.2.1\lib\idea_rt.jar=62062:C:\Program Files\JetBrains\IntelliJ IDEA Community Edition 2022.2.1\bin -Dfile.encoding=windows-1251 
java_command: com.intellij.rt.junit.JUnitStarter -ideVersion5 -junit5 ElementTest,openElements
java_class_path (initial): C:\Users\volod\.m2\repository\org\junit\platform\junit-platform-launcher\1.8.1\junit-platform-launcher-1.8.1.jar;C:\Users\volod\.m2\repository\org\junit\platform\junit-platform-engine\1.8.1\junit-platform-engine-1.8.1.jar;C:\Users\volod\.m2\repository\org\opentest4j\opentest4j\1.2.0\opentest4j-1.2.0.jar;C:\Users\volod\.m2\repository\org\junit\platform\junit-platform-commons\1.8.1\junit-platform-commons-1.8.1.jar;C:\Users\volod\.m2\repository\org\apiguardian\apiguardian-api\1.1.2\apiguardian-api-1.1.2.jar;C:\Users\volod\.m2\repository\org\junit\jupiter\junit-jupiter-engine\5.8.1\junit-jupiter-engine-5.8.1.jar;C:\Users\volod\.m2\repository\org\junit\jupiter\junit-jupiter-api\5.8.1\junit-jupiter-api-5.8.1.jar;C:\Users\volod\.m2\repository\org\junit\vintage\junit-vintage-engine\5.8.1\junit-vintage-engine-5.8.1.jar;C:\Program Files\JetBrains\IntelliJ IDEA Community Edition 2022.2.1\lib\idea_rt.jar;C:\Program Files\JetBrains\IntelliJ IDEA Community Edition 2022.2.1\plugins\junit\lib\junit5-rt.jar;C:\Program Files\JetBrains\IntelliJ IDEA Community Edition 2022.2.1\plugins\junit\lib\junit-rt.jar;C:\Work\AQA\build\classes\java\test;C:\Work\AQA\build\resources\test;C:\Users\volod\.gradle\caches\modules-2\files-2.1\com.codeborne\selenide\6.7.2\f613722a3e8808aa08bd14fb1bad88e28e79fbab\selenide-6.7.2.jar;C:\Users\volod\.gradle\caches\modules-2\files-2.1\org.junit.jupiter\junit-jupiter-api\5.8.1\6538b88eb8bf8811bc7b6efb5246f835c15e0bfe\junit-jupiter-api-5.8.1.jar;C:\Users\volod\.gradle\caches\modules-2\files-2.1\junit\junit\4.13.1\cdd00374f1fee76b11e2a9d127405aa3f6be5b6a\junit-4.13.1.jar;C:\Users\volod\.gradle\caches\modules-2\files-2.1\org.aspectj\aspectjweaver\1.9.5\1740dc9140103b796d1722668805fd4cf852780c\aspectjweaver-1.9.5.jar;C:\Users\volod\.gradle\caches\modules-2\files-2.1\io.qameta.allure\allure-junit5\2.13.9\25de92f6e1bdb6086df52d40bb827bb84d7e6d92\allure-junit5-2.13.9.jar;C:\Users\volod\.gradle\caches\modules-2\files-2.1\io.qameta.allure\al
Launcher Type: SUN_STANDARD

[Global flags]
     intx CICompilerCount                          = 4                                         {product} {ergonomic}
     uint ConcGCThreads                            = 2                                         {product} {ergonomic}
     uint G1ConcRefinementThreads                  = 8                                         {product} {ergonomic}
   size_t G1HeapRegionSize                         = 1048576                                   {product} {ergonomic}
    uintx GCDrainStackTargetSize                   = 64                                        {product} {ergonomic}
   size_t InitialHeapSize                          = 123731968                                 {product} {ergonomic}
   size_t MarkStackSize                            = 4194304                                   {product} {ergonomic}
   size_t MaxHeapSize                              = 1977614336                                {product} {ergonomic}
   size_t MaxNewSize                               = 1185939456                                {product} {ergonomic}
   size_t MinHeapDeltaBytes                        = 1048576                                   {product} {ergonomic}
    uintx NonNMethodCodeHeapSize                   = 5836300                                {pd product} {ergonomic}
    uintx NonProfiledCodeHeapSize                  = 122910970                              {pd product} {ergonomic}
    uintx ProfiledCodeHeapSize                     = 122910970                              {pd product} {ergonomic}
    uintx ReservedCodeCacheSize                    = 251658240                              {pd product} {ergonomic}
     bool SegmentedCodeCache                       = true                                      {product} {ergonomic}
     bool UseCompressedClassPointers               = true                                 {lp64_product} {ergonomic}
     bool UseCompressedOops                        = true                                 {lp64_product} {ergonomic}
     bool UseG1GC                                  = true                                      {product} {ergonomic}
     bool UseLargePagesIndividualAllocation        = false                                  {pd product} {ergonomic}

Logging:
Log output configuration:
 #0: stdout all=warning uptime,level,tags
 #1: stderr all=off uptime,level,tags

Environment Variables:
PATH=C:\Program Files\Common Files\Oracle\Java\javapath;C:\Program Files (x86)\Common Files\Oracle\Java\javapath;C:\windows\system32;C:\windows;C:\windows\System32\Wbem;C:\windows\System32\WindowsPowerShell\v1.0\;C:\windows\System32\OpenSSH\;C:\Program Files\Docker\Docker\resources\bin;C:\ProgramData\DockerDesktop\version-bin;C:\Program Files\nodejs\;C:\Program Files\Git\cmd;C:\Program Files\dotnet\;C:\Users\volod\AppData\Local\Microsoft\WindowsApps;C:\Users\volod\AppData\Roaming\npm;C:\Program Files\JetBrains\WebStorm 2022.1\bin;
USERNAME=volod
OS=Windows_NT
PROCESSOR_IDENTIFIER=AMD64 Family 23 Model 96 Stepping 1, AuthenticAMD



---------------  S Y S T E M  ---------------

OS: Windows 10 , 64 bit Build 19041 (10.0.19041.2364)
Hyper-V role detected

CPU:total 8 (initial active 8) (8 cores per cpu, 1 threads per core) family 23 model 96 stepping 1 microcode 0x0, cmov, cx8, fxsr, mmx, sse, sse2, sse3, ssse3, sse4.1, sse4.2, popcnt, avx, avx2, aes, clmul, mmxext, 3dnowpref, lzcnt, sse4a, tsc, tscinvbit, tscinv, bmi1, bmi2, adx, sha, 

Memory: 4k page, system-wide physical 7541M (577M free)
TotalPageFile size 31093M (AvailPageFile size 388M)
current process WorkingSet (physical memory assigned to process): 70M, peak: 70M
current process commit charge ("private bytes"): 214M, peak: 214M

vm_info: Java HotSpot(TM) 64-Bit Server VM (11.0.14+8-LTS-263) for windows-amd64 JRE (11.0.14+8-LTS-263), built on Dec  7 2021 21:53:57 by "mach5one" with MS VC++ 15.9 (VS2017)

END.
